<?xml version="1.0" encoding="UTF-8"?>
<!-- Generated by org.testng.reporters.JUnitReportReporter -->
<testsuite hostname="LTPHYD062630646" failures="0" tests="1" name="Java_Appli_testing.login_user" time="0.905" errors="0" timestamp="2025-05-06T14:11:46 IST" skipped="0">
  <testcase classname="Java_Appli_testing.login_user" name="loginuser" time="0.905"/>
</testsuite> <!-- Java_Appli_testing.login_user -->
