<?xml version="1.0" encoding="UTF-8"?>
<!-- Generated by org.testng.reporters.JUnitReportReporter -->
<testsuite hostname="LTPHYD062630646" failures="0" tests="12" name="Java_Appli_testing.RegisterUserTests" time="1.637" errors="0" timestamp="2025-05-04T19:51:55 IST" skipped="11">
  <testcase classname="Java_Appli_testing.RegisterUserTests" name="fetch_existing_user_with_auth_and_validate" time="1.637"/>
  <testcase classname="Java_Appli_testing.RegisterUserTests" name="register_user_specialCharactersPassword">
    <skipped/>
  </testcase> <!-- register_user_specialCharactersPassword -->
  <testcase classname="Java_Appli_testing.RegisterUserTests" name="register_user_specialCharUsername">
    <skipped/>
  </testcase> <!-- register_user_specialCharUsername -->
  <testcase classname="Java_Appli_testing.RegisterUserTests" name="register_user_emptyPassword">
    <skipped/>
  </testcase> <!-- register_user_emptyPassword -->
  <testcase classname="Java_Appli_testing.RegisterUserTests" name="register_user_existingUsername">
    <skipped/>
  </testcase> <!-- register_user_existingUsername -->
  <testcase classname="Java_Appli_testing.RegisterUserTests" name="register_user_missingPassword">
    <skipped/>
  </testcase> <!-- register_user_missingPassword -->
  <testcase classname="Java_Appli_testing.RegisterUserTests" name="fetch_existing_user_and_validate">
    <skipped/>
  </testcase> <!-- fetch_existing_user_and_validate -->
  <testcase classname="Java_Appli_testing.RegisterUserTests" name="register_user_missingUsername">
    <skipped/>
  </testcase> <!-- register_user_missingUsername -->
  <testcase classname="Java_Appli_testing.RegisterUserTests" name="register_user_emptyBody">
    <skipped/>
  </testcase> <!-- register_user_emptyBody -->
  <testcase classname="Java_Appli_testing.RegisterUserTests" name="register_user_invalidContentType">
    <skipped/>
  </testcase> <!-- register_user_invalidContentType -->
  <testcase classname="Java_Appli_testing.RegisterUserTests" name="register_user_valid">
    <skipped/>
  </testcase> <!-- register_user_valid -->
  <testcase classname="Java_Appli_testing.RegisterUserTests" name="register_user_spaceUsername">
    <skipped/>
  </testcase> <!-- register_user_spaceUsername -->
</testsuite> <!-- Java_Appli_testing.RegisterUserTests -->
