<?xml version="1.0" encoding="UTF-8"?>
<!-- Generated by org.testng.reporters.JUnitReportReporter -->
<testsuite hostname="LTPHYD062630646" failures="0" tests="1" name="com.selenium.RestAssured.prin" time="0.011" errors="0" timestamp="2025-04-24T14:35:27 IST" skipped="0">
  <testcase classname="com.selenium.RestAssured.prin" name="test1" time="0.011"/>
</testsuite> <!-- com.selenium.RestAssured.prin -->
