<?xml version="1.0" encoding="UTF-8"?>
<!-- Generated by org.testng.reporters.JUnitReportReporter -->
<testsuite hostname="LTPHYD062630646" failures="0" tests="3" name="Learning_Day_3.L_3_Headers_Start" time="3.416" errors="0" timestamp="2025-04-26T23:02:20 IST" skipped="1">
  <testcase classname="Learning_Day_3.L_3_Headers_Start" name="allheaders" time="2.621"/>
  <testcase classname="Learning_Day_3.L_3_Headers_Start" name="getheadervalues" time="0.795"/>
  <testcase classname="Learning_Day_3.L_3_Headers_Start" name="testheaders">
    <skipped/>
  </testcase> <!-- testheaders -->
</testsuite> <!-- Learning_Day_3.L_3_Headers_Start -->
