<?xml version="1.0" encoding="UTF-8"?>
<!-- Generated by org.testng.reporters.JUnitReportReporter -->
<testsuite hostname="LTPHYD062630646" failures="0" tests="3" name="Learning_Day_3.L_2_CookiesandHeaders" time="2.195" errors="0" timestamp="2025-04-26T22:45:04 IST" skipped="2">
  <testcase classname="Learning_Day_3.L_2_CookiesandHeaders" name="getallcookiesinfo" time="2.195"/>
  <testcase classname="Learning_Day_3.L_2_CookiesandHeaders" name="testcookies">
    <skipped/>
  </testcase> <!-- testcookies -->
  <testcase classname="Learning_Day_3.L_2_CookiesandHeaders" name="getcookiesinfo">
    <skipped/>
  </testcase> <!-- getcookiesinfo -->
</testsuite> <!-- Learning_Day_3.L_2_CookiesandHeaders -->
