<?xml version="1.0" encoding="UTF-8"?>
<!-- Generated by org.testng.reporters.JUnitReportReporter -->
<testsuite hostname="LTPHYD062630646" failures="0" tests="1" name="Learning_Day_2.WaysToCreatePostReqBody" time="2.241" errors="0" timestamp="2025-04-25T15:20:53 IST" skipped="0">
  <testcase classname="Learning_Day_2.WaysToCreatePostReqBody" name="usingHashmap" time="2.241"/>
</testsuite> <!-- Learning_Day_2.WaysToCreatePostReqBody -->
