<?xml version="1.0" encoding="UTF-8"?>
<!-- Generated by org.testng.reporters.JUnitReportReporter -->
<testsuite hostname="LTPHYD062630646" failures="0" tests="1" name="Learning_Day_3.pathandqueryparameters" time="4.035" errors="0" timestamp="2025-04-26T18:16:38 IST" skipped="0">
  <testcase classname="Learning_Day_3.pathandqueryparameters" name="testqueryandpathparams" time="4.035"/>
</testsuite> <!-- Learning_Day_3.pathandqueryparameters -->
