<?xml version="1.0" encoding="UTF-8"?>
<!-- Generated by org.testng.reporters.JUnitReportReporter -->
<testsuite hostname="LTPHYD062630646" failures="0" tests="1" name="Learning_Day_2.methods_4_extrfile" time="2.839" errors="0" timestamp="2025-04-26T17:44:34 IST" skipped="0">
  <testcase classname="Learning_Day_2.methods_4_extrfile" name="externalfile" time="2.839"/>
</testsuite> <!-- Learning_Day_2.methods_4_extrfile -->
