<?xml version="1.0" encoding="UTF-8"?>
<!-- Generated by org.testng.reporters.JUnitReportReporter -->
<testsuite hostname="LTPHYD062630646" failures="0" tests="3" name="Learning_Day_4.L_1_Parsingjsonresponse" time="1.825" errors="0" timestamp="2025-04-27T12:21:58 IST" skipped="2">
  <testcase classname="Learning_Day_4.L_1_Parsingjsonresponse" name="jsonresponsebodydata" time="1.825"/>
  <testcase classname="Learning_Day_4.L_1_Parsingjsonresponse" name="parsingresponse">
    <skipped/>
  </testcase> <!-- parsingresponse -->
  <testcase classname="Learning_Day_4.L_1_Parsingjsonresponse" name="parsingjsonresponse">
    <skipped/>
  </testcase> <!-- parsingjsonresponse -->
</testsuite> <!-- Learning_Day_4.L_1_Parsingjsonresponse -->
