<?xml version="1.0" encoding="UTF-8"?>
<!-- Generated by org.testng.reporters.JUnitReportReporter -->
<testsuite hostname="LTPHYD062630646" failures="0" tests="1" name="Learning_Day_2.meth_3_pojo_run" time="1.883" errors="0" timestamp="2025-04-25T17:25:09 IST" skipped="0">
  <testcase classname="Learning_Day_2.meth_3_pojo_run" name="pojo" time="1.883"/>
</testsuite> <!-- Learning_Day_2.meth_3_pojo_run -->
