<?xml version="1.0" encoding="UTF-8"?>
<!-- Generated by org.testng.reporters.JUnitReportReporter -->
<testsuite hostname="LTPHYD062630646" failures="0" tests="2" name="Java_Appli_testing.update_user" time="0.203" errors="0" timestamp="2025-05-06T14:11:46 IST" skipped="0">
  <testcase classname="Java_Appli_testing.update_user" name="loginuser" time="0.133"/>
  <testcase classname="Java_Appli_testing.update_user" name="update" time="0.070"/>
</testsuite> <!-- Java_Appli_testing.update_user -->
