<?xml version="1.0" encoding="UTF-8"?>
<!-- Generated by org.testng.reporters.JUnitReportReporter -->
<testsuite hostname="LTPHYD062630646" failures="0" tests="3" name="Learning_Day_1.Store_id" time="4.201" errors="0" timestamp="2025-04-25T15:21:10 IST" skipped="0">
  <testcase classname="Learning_Day_1.Store_id" name="postreq" time="3.261"/>
  <testcase classname="Learning_Day_1.Store_id" name="updation" time="0.539"/>
  <testcase classname="Learning_Day_1.Store_id" name="delete" time="0.401"/>
</testsuite> <!-- Learning_Day_1.Store_id -->
